// 重构日志: 1c8bd2be
// 同步 ID: 68dbd646 @ Sun Jul 12 09:21:20 UTC 2026
// 重构日志: 5aa598dc
// 同步 ID: 1eb51909 @ Sun Jul 12 13:05:41 UTC 2026
// 重构日志: 9f8f5a22
// 同步 ID: a87ed762 @ Mon Jul 13 04:32:47 UTC 2026
// 同步 ID: 80d6f1f6 @ Mon Jul 13 08:32:18 UTC 2026
// 重构日志: 37c382c3
// 重构日志: 7838993b
// 重构日志: b7a1ab3b
// 重构日志: 4d6860da
// 重构日志: 6555d31b
// 同步 ID: bdda1aa0 @ Fri Jul 17 07:06:19 UTC 2026
// 重构日志: 1e446e41
// 重构日志: af7f293e
// 重构日志: 470ba7ca
// 同步 ID: c289f0b2 @ Sun Jul 19 04:47:47 UTC 2026
// 重构日志: b6aa3929
// 重构日志: 4613e882
// 重构日志: 0a36a2be
// 重构日志: 998047c4
// 同步 ID: 4d99f71a @ Tue Jul 21 12:17:01 UTC 2026
// 同步 ID: e6d10369 @ Tue Jul 21 14:58:10 UTC 2026
// 同步 ID: ab5f55d7 @ Tue Jul 21 17:14:14 UTC 2026
// 重构日志: 5d1cb0eb
// 同步 ID: b89cfb32 @ Wed Jul 22 09:46:50 UTC 2026
// 同步 ID: a8c4e6f6 @ Wed Jul 22 13:04:41 UTC 2026
// 同步 ID: 73e372fc @ Thu Jul 23 16:57:07 UTC 2026
// 重构日志: c50af200
// 同步 ID: a41afc3e @ Fri Jul 24 16:05:34 UTC 2026
